<?xml version="1.0" encoding="UTF-8"?>
<!-- Generated by org.testng.reporters.JUnitReportReporter -->
<testsuite hostname="DESKTOP-ANR2IFU" failures="0" tests="3" name="testng.DataProviderDemo" time="38.905" errors="0" timestamp="2023-02-13T17:03:04 IST" skipped="0">
  <testcase classname="testng.DataProviderDemo" name="validateLogin" time="16.798"/>
  <system-out/>
  <testcase classname="testng.DataProviderDemo" name="validateLogin" time="11.038"/>
  <system-out/>
  <testcase classname="testng.DataProviderDemo" name="validateLogin" time="11.069"/>
  <system-out/>
</testsuite> <!-- testng.DataProviderDemo -->
