<?xml version="1.0" encoding="UTF-8"?>
<!-- Generated by org.testng.reporters.JUnitReportReporter -->
<testsuite hostname="DESKTOP-ANR2IFU" failures="0" tests="6" name="testng.PriorityDemo" time="0.033" errors="0" timestamp="2023-02-09T11:43:14 IST" skipped="0">
  <testcase classname="testng.PriorityDemo" name="chickoo" time="0.010"/>
  <system-out/>
  <testcase classname="testng.PriorityDemo" name="grapes" time="0.003"/>
  <system-out/>
  <testcase classname="testng.PriorityDemo" name="orange" time="0.004"/>
  <system-out/>
  <testcase classname="testng.PriorityDemo" name="banana" time="0.003"/>
  <system-out/>
  <testcase classname="testng.PriorityDemo" name="mango" time="0.008"/>
  <system-out/>
  <testcase classname="testng.PriorityDemo" name="apple" time="0.005"/>
  <system-out/>
</testsuite> <!-- testng.PriorityDemo -->
