<?xml version="1.0" encoding="UTF-8"?>
<!-- Generated by org.testng.reporters.JUnitReportReporter -->
<testsuite hostname="DESKTOP-ANR2IFU" failures="0" tests="8" name="testng.GroupsDemo" time="0.049" errors="0" timestamp="2023-02-09T11:43:14 IST" skipped="0">
  <testcase classname="testng.GroupsDemo" name="m2" time="0.006"/>
  <system-out/>
  <testcase classname="testng.GroupsDemo" name="reports" time="0.010"/>
  <system-out/>
  <testcase classname="testng.GroupsDemo" name="ValidateLogin" time="0.002"/>
  <system-out/>
  <testcase classname="testng.GroupsDemo" name="dashboard" time="0.004"/>
  <system-out/>
  <testcase classname="testng.GroupsDemo" name="reports1" time="0.012"/>
  <system-out/>
  <testcase classname="testng.GroupsDemo" name="reports2" time="0.003"/>
  <system-out/>
  <testcase classname="testng.GroupsDemo" name="homepage" time="0.002"/>
  <system-out/>
  <testcase classname="testng.GroupsDemo" name="ValidateForgotPassword" time="0.010"/>
  <system-out/>
</testsuite> <!-- testng.GroupsDemo -->
