<?xml version="1.0" encoding="UTF-8"?>
<!-- Generated by org.testng.reporters.JUnitReportReporter -->
<testsuite hostname="DESKTOP-ANR2IFU" failures="0" tests="1" name="testng.XMLParameters" time="5.219" errors="0" timestamp="2023-02-09T12:16:58 IST" skipped="0">
  <testcase classname="testng.XMLParameters" name="validateLogin" time="5.219"/>
  <system-out/>
</testsuite> <!-- testng.XMLParameters -->
