<?xml version="1.0" encoding="UTF-8"?>
<!-- Generated by org.testng.reporters.JUnitReportReporter -->
<testsuite hostname="DESKTOP-ANR2IFU" failures="0" tests="3" name="testng.DependsOnDemo" time="0.025" errors="0" timestamp="2023-02-18T14:00:28 IST" skipped="0">
  <testcase classname="testng.DependsOnDemo" name="sendFriendRequest" time="0.001"/>
  <system-out/>
  <testcase classname="testng.DependsOnDemo" name="acceptFriendRequest" time="0.010"/>
  <system-out/>
  <testcase classname="testng.DependsOnDemo" name="login" time="0.014"/>
  <system-out/>
</testsuite> <!-- testng.DependsOnDemo -->
