<?xml version="1.0" encoding="UTF-8"?>
<!-- Generated by org.testng.reporters.JUnitReportReporter -->
<testsuite hostname="DESKTOP-ANR2IFU" failures="0" tests="4" name="testng.InvocationCount" time="0.003" errors="0" timestamp="2023-02-18T14:00:28 IST" skipped="1">
  <testcase classname="testng.InvocationCount" name="m1" time="0.002"/>
  <system-out/>
  <testcase classname="testng.InvocationCount" name="m1" time="0.001"/>
  <system-out/>
  <testcase classname="testng.InvocationCount" name="m1" time="0.000"/>
  <system-out/>
  <testcase classname="testng.InvocationCount" name="m2">
    <skipped/>
  </testcase> <!-- m2 -->
  <system-out/>
</testsuite> <!-- testng.InvocationCount -->
