<?xml version="1.0" encoding="UTF-8"?>
<!-- Generated by org.testng.reporters.JUnitReportReporter -->
<testsuite hostname="DESKTOP-ANR2IFU" failures="0" tests="2" name="testng.Annotations" time="0.010" errors="0" timestamp="2023-02-18T14:00:28 IST" skipped="0">
  <testcase classname="testng.Annotations" name="validateLoginFeature" time="0.009"/>
  <system-out/>
  <testcase classname="testng.Annotations" name="validateTitle" time="0.001"/>
  <system-out/>
</testsuite> <!-- testng.Annotations -->
